Arguments: 
  C:\Program Files (x86)\nodejs\node.exe C:\Users\Bhimgouda D Patil\AppData\Local\node\corepack\yarn\1.22.19\bin\yarn.js install

PATH: 
  C:\Users\Bhimgouda D Patil\bin;C:\Program Files\Git\mingw64\bin;C:\Program Files\Git\usr\local\bin;C:\Program Files\Git\usr\bin;C:\Program Files\Git\usr\bin;C:\Program Files\Git\mingw64\bin;C:\Program Files\Git\usr\bin;C:\Users\Bhimgouda D Patil\bin;C:\WINDOWS\system32;C:\WINDOWS;C:\WINDOWS\System32\Wbem;C:\WINDOWS\System32\WindowsPowerShell\v1.0;C:\WINDOWS\System32\OpenSSH;C:\Program Files\Git\cmd;C:\Program Files (x86)\nodejs;C:\Program Files\NVIDIA Corporation\NVIDIA NvDLISR;C:\Program Files (x86)\NVIDIA Corporation\PhysX\Common;C:\Program Files (x86)\dotnet;C:\Users\Bhimgouda D Patil\AppData\Local\Programs\Python\Python310\Scripts;C:\Users\Bhimgouda D Patil\AppData\Local\Programs\Python\Python310;C:\Users\Bhimgouda D Patil\AppData\Local\Microsoft\WindowsApps;C:\Users\Bhimgouda D Patil\AppData\Local\Programs\Microsoft VS Code\bin;C:\Users\Bhimgouda D Patil\AppData\Roaming\npm;C:\Program Files\Git\usr\bin\vendor_perl;C:\Program Files\Git\usr\bin\core_perl

Yarn version: 
  1.22.19

Node version: 
  18.15.0

Platform: 
  win32 ia32

Trace: 
  Error: EPERM: operation not permitted, unlink 'C:\myHub\Blockchain Dev\Projects\crypto-lottery-hardhat-&-nextjs\node_modules\bufferutil\prebuilds\win32-x64\node.napi.node'

npm manifest: 
  {
      "name": "hardhat-smartcontract-lottery-fcc",
      "version": "1.0.0",
      "description": "",
      "scripts": {
          "test": "yarn hardhat test",
          "test-staging": "yarn hardhat test --network sepolia",
          "lint": "yarn solhint 'contracts/*.sol'",
          "lint:fix": "yarn solhint 'contracts/**/*.sol' --fix",
          "format": "yarn prettier --write .",
          "coverage": "yarn hardhat coverage"
      },
      "license": "MIT",
      "devDependencies": {
          "@nomiclabs/hardhat-ethers": "npm:hardhat-deploy-ethers@^0.3.0-beta.13",
          "@nomiclabs/hardhat-etherscan": "^3.0.0",
          "@nomiclabs/hardhat-waffle": "^2.0.1",
          "chai": "^4.3.4",
          "ethereum-waffle": "^3.4.0",
          "ethers": "^5.5.1",
          "hardhat": "^2.6.7",
          "hardhat-contract-sizer": "^2.4.0",
          "hardhat-deploy": "^0.9.29",
          "hardhat-gas-reporter": "^1.0.7",
          "prettier": "^2.4.1",
          "prettier-plugin-solidity": "^1.0.0-beta.19",
          "solhint": "^3.3.6",
          "solidity-coverage": "^0.7.13"
      },
      "dependencies": {
          "@chainlink/contracts": "^0.5.1",
          "@chainlink/test-helpers": "^0.0.7-alpha",
          "@chainlink/token": "^1.1.0",
          "@openzeppelin/contracts": "^4.5.0",
          "babel-eslint": "^10.1.0",
          "dotenv": "^10.0.0"
      },
      "mocha": {
          "timeout": 10000000
      }
  }

yarn manifest: 
  No manifest

Lockfile: 
  No lockfile
